[INFO  - 2015-04-22T08:33:13.966Z] GhostDriver - Main - running on port 57437
[INFO  - 2015-04-22T08:33:13.982Z] Session [377accb0-e8ca-11e4-9ffb-110b6426633a] - CONSTRUCTOR - Desired Capabilities: {"browserName":"phantomjs"}
[INFO  - 2015-04-22T08:33:13.982Z] Session [377accb0-e8ca-11e4-9ffb-110b6426633a] - CONSTRUCTOR - Negotiated Capabilities: {"browserName":"phantomjs","version":"1.9.0","driverName":"ghostdriver","driverVersion":"1.0.3","platform":"linux-unknown-64bit","javascriptEnabled":true,"takesScreenshot":true,"handlesAlerts":false,"databaseEnabled":false,"locationContextEnabled":false,"applicationCacheEnabled":false,"browserConnectionEnabled":false,"cssSelectorsEnabled":true,"webStorageEnabled":false,"rotatable":false,"acceptSslCerts":false,"nativeEvents":true,"proxy":{"proxyType":"direct"}}
[INFO  - 2015-04-22T08:33:13.982Z] SessionManagerReqHand - _postNewSessionCommand - New Session Created: 377accb0-e8ca-11e4-9ffb-110b6426633a
[INFO  - 2015-04-22T08:35:46.466Z] GhostDriver - Main - running on port 35344
[INFO  - 2015-04-22T08:35:46.516Z] Session [9265cb20-e8ca-11e4-9e96-b131c19ba0c5] - CONSTRUCTOR - Desired Capabilities: {"browserName":"phantomjs"}
[INFO  - 2015-04-22T08:35:46.516Z] Session [9265cb20-e8ca-11e4-9e96-b131c19ba0c5] - CONSTRUCTOR - Negotiated Capabilities: {"browserName":"phantomjs","version":"1.9.0","driverName":"ghostdriver","driverVersion":"1.0.3","platform":"linux-unknown-64bit","javascriptEnabled":true,"takesScreenshot":true,"handlesAlerts":false,"databaseEnabled":false,"locationContextEnabled":false,"applicationCacheEnabled":false,"browserConnectionEnabled":false,"cssSelectorsEnabled":true,"webStorageEnabled":false,"rotatable":false,"acceptSslCerts":false,"nativeEvents":true,"proxy":{"proxyType":"direct"}}
[INFO  - 2015-04-22T08:35:46.517Z] SessionManagerReqHand - _postNewSessionCommand - New Session Created: 9265cb20-e8ca-11e4-9e96-b131c19ba0c5
[INFO  - 2015-04-22T08:42:43.122Z] GhostDriver - Main - running on port 38485
[INFO  - 2015-04-22T08:42:43.177Z] Session [8abf3770-e8cb-11e4-b1ce-ddb3f1e24c7a] - CONSTRUCTOR - Desired Capabilities: {"browserName":"phantomjs"}
[INFO  - 2015-04-22T08:42:43.178Z] Session [8abf3770-e8cb-11e4-b1ce-ddb3f1e24c7a] - CONSTRUCTOR - Negotiated Capabilities: {"browserName":"phantomjs","version":"1.9.0","driverName":"ghostdriver","driverVersion":"1.0.3","platform":"linux-unknown-64bit","javascriptEnabled":true,"takesScreenshot":true,"handlesAlerts":false,"databaseEnabled":false,"locationContextEnabled":false,"applicationCacheEnabled":false,"browserConnectionEnabled":false,"cssSelectorsEnabled":true,"webStorageEnabled":false,"rotatable":false,"acceptSslCerts":false,"nativeEvents":true,"proxy":{"proxyType":"direct"}}
[INFO  - 2015-04-22T08:42:43.178Z] SessionManagerReqHand - _postNewSessionCommand - New Session Created: 8abf3770-e8cb-11e4-b1ce-ddb3f1e24c7a
[INFO  - 2015-04-22T08:43:50.685Z] GhostDriver - Main - running on port 46788
[INFO  - 2015-04-22T08:43:50.741Z] Session [b3048320-e8cb-11e4-bc05-1108b0013404] - CONSTRUCTOR - Desired Capabilities: {"browserName":"phantomjs"}
[INFO  - 2015-04-22T08:43:50.741Z] Session [b3048320-e8cb-11e4-bc05-1108b0013404] - CONSTRUCTOR - Negotiated Capabilities: {"browserName":"phantomjs","version":"1.9.0","driverName":"ghostdriver","driverVersion":"1.0.3","platform":"linux-unknown-64bit","javascriptEnabled":true,"takesScreenshot":true,"handlesAlerts":false,"databaseEnabled":false,"locationContextEnabled":false,"applicationCacheEnabled":false,"browserConnectionEnabled":false,"cssSelectorsEnabled":true,"webStorageEnabled":false,"rotatable":false,"acceptSslCerts":false,"nativeEvents":true,"proxy":{"proxyType":"direct"}}
[INFO  - 2015-04-22T08:43:50.741Z] SessionManagerReqHand - _postNewSessionCommand - New Session Created: b3048320-e8cb-11e4-bc05-1108b0013404
[INFO  - 2015-04-22T08:48:51.195Z] GhostDriver - Main - running on port 59983
[INFO  - 2015-04-22T08:48:51.252Z] Session [66230120-e8cc-11e4-8a7c-bde6ee630291] - CONSTRUCTOR - Desired Capabilities: {"browserName":"phantomjs"}
[INFO  - 2015-04-22T08:48:51.252Z] Session [66230120-e8cc-11e4-8a7c-bde6ee630291] - CONSTRUCTOR - Negotiated Capabilities: {"browserName":"phantomjs","version":"1.9.0","driverName":"ghostdriver","driverVersion":"1.0.3","platform":"linux-unknown-64bit","javascriptEnabled":true,"takesScreenshot":true,"handlesAlerts":false,"databaseEnabled":false,"locationContextEnabled":false,"applicationCacheEnabled":false,"browserConnectionEnabled":false,"cssSelectorsEnabled":true,"webStorageEnabled":false,"rotatable":false,"acceptSslCerts":false,"nativeEvents":true,"proxy":{"proxyType":"direct"}}
[INFO  - 2015-04-22T08:48:51.252Z] SessionManagerReqHand - _postNewSessionCommand - New Session Created: 66230120-e8cc-11e4-8a7c-bde6ee630291
[INFO  - 2015-04-22T08:49:42.926Z] GhostDriver - Main - running on port 42158
[INFO  - 2015-04-22T08:49:42.981Z] Session [84f83930-e8cc-11e4-aaea-d3758b061f9d] - CONSTRUCTOR - Desired Capabilities: {"browserName":"phantomjs"}
[INFO  - 2015-04-22T08:49:42.981Z] Session [84f83930-e8cc-11e4-aaea-d3758b061f9d] - CONSTRUCTOR - Negotiated Capabilities: {"browserName":"phantomjs","version":"1.9.0","driverName":"ghostdriver","driverVersion":"1.0.3","platform":"linux-unknown-64bit","javascriptEnabled":true,"takesScreenshot":true,"handlesAlerts":false,"databaseEnabled":false,"locationContextEnabled":false,"applicationCacheEnabled":false,"browserConnectionEnabled":false,"cssSelectorsEnabled":true,"webStorageEnabled":false,"rotatable":false,"acceptSslCerts":false,"nativeEvents":true,"proxy":{"proxyType":"direct"}}
[INFO  - 2015-04-22T08:49:42.981Z] SessionManagerReqHand - _postNewSessionCommand - New Session Created: 84f83930-e8cc-11e4-aaea-d3758b061f9d
[INFO  - 2015-04-22T08:50:04.331Z] GhostDriver - Main - running on port 58112
[INFO  - 2015-04-22T08:50:04.385Z] Session [91ba36f0-e8cc-11e4-b442-ab55e74f63b4] - CONSTRUCTOR - Desired Capabilities: {"browserName":"phantomjs"}
[INFO  - 2015-04-22T08:50:04.385Z] Session [91ba36f0-e8cc-11e4-b442-ab55e74f63b4] - CONSTRUCTOR - Negotiated Capabilities: {"browserName":"phantomjs","version":"1.9.0","driverName":"ghostdriver","driverVersion":"1.0.3","platform":"linux-unknown-64bit","javascriptEnabled":true,"takesScreenshot":true,"handlesAlerts":false,"databaseEnabled":false,"locationContextEnabled":false,"applicationCacheEnabled":false,"browserConnectionEnabled":false,"cssSelectorsEnabled":true,"webStorageEnabled":false,"rotatable":false,"acceptSslCerts":false,"nativeEvents":true,"proxy":{"proxyType":"direct"}}
[INFO  - 2015-04-22T08:50:04.385Z] SessionManagerReqHand - _postNewSessionCommand - New Session Created: 91ba36f0-e8cc-11e4-b442-ab55e74f63b4
[INFO  - 2015-04-22T08:50:40.497Z] GhostDriver - Main - running on port 52598
[INFO  - 2015-04-22T08:50:40.553Z] Session [a7490370-e8cc-11e4-bc28-db346183ff3b] - CONSTRUCTOR - Desired Capabilities: {"browserName":"phantomjs"}
[INFO  - 2015-04-22T08:50:40.553Z] Session [a7490370-e8cc-11e4-bc28-db346183ff3b] - CONSTRUCTOR - Negotiated Capabilities: {"browserName":"phantomjs","version":"1.9.0","driverName":"ghostdriver","driverVersion":"1.0.3","platform":"linux-unknown-64bit","javascriptEnabled":true,"takesScreenshot":true,"handlesAlerts":false,"databaseEnabled":false,"locationContextEnabled":false,"applicationCacheEnabled":false,"browserConnectionEnabled":false,"cssSelectorsEnabled":true,"webStorageEnabled":false,"rotatable":false,"acceptSslCerts":false,"nativeEvents":true,"proxy":{"proxyType":"direct"}}
[INFO  - 2015-04-22T08:50:40.553Z] SessionManagerReqHand - _postNewSessionCommand - New Session Created: a7490370-e8cc-11e4-bc28-db346183ff3b
[INFO  - 2015-04-22T08:52:42.797Z] GhostDriver - Main - running on port 42419
[INFO  - 2015-04-22T08:52:42.851Z] Session [f02e3510-e8cc-11e4-b026-13612e70a34a] - CONSTRUCTOR - Desired Capabilities: {"browserName":"phantomjs"}
[INFO  - 2015-04-22T08:52:42.851Z] Session [f02e3510-e8cc-11e4-b026-13612e70a34a] - CONSTRUCTOR - Negotiated Capabilities: {"browserName":"phantomjs","version":"1.9.0","driverName":"ghostdriver","driverVersion":"1.0.3","platform":"linux-unknown-64bit","javascriptEnabled":true,"takesScreenshot":true,"handlesAlerts":false,"databaseEnabled":false,"locationContextEnabled":false,"applicationCacheEnabled":false,"browserConnectionEnabled":false,"cssSelectorsEnabled":true,"webStorageEnabled":false,"rotatable":false,"acceptSslCerts":false,"nativeEvents":true,"proxy":{"proxyType":"direct"}}
[INFO  - 2015-04-22T08:52:42.851Z] SessionManagerReqHand - _postNewSessionCommand - New Session Created: f02e3510-e8cc-11e4-b026-13612e70a34a
[INFO  - 2015-04-22T08:53:56.756Z] GhostDriver - Main - running on port 47955
[INFO  - 2015-04-22T08:53:56.811Z] Session [1c439b90-e8cd-11e4-bb3b-b37daea30544] - CONSTRUCTOR - Desired Capabilities: {"browserName":"phantomjs"}
[INFO  - 2015-04-22T08:53:56.811Z] Session [1c439b90-e8cd-11e4-bb3b-b37daea30544] - CONSTRUCTOR - Negotiated Capabilities: {"browserName":"phantomjs","version":"1.9.0","driverName":"ghostdriver","driverVersion":"1.0.3","platform":"linux-unknown-64bit","javascriptEnabled":true,"takesScreenshot":true,"handlesAlerts":false,"databaseEnabled":false,"locationContextEnabled":false,"applicationCacheEnabled":false,"browserConnectionEnabled":false,"cssSelectorsEnabled":true,"webStorageEnabled":false,"rotatable":false,"acceptSslCerts":false,"nativeEvents":true,"proxy":{"proxyType":"direct"}}
[INFO  - 2015-04-22T08:53:56.811Z] SessionManagerReqHand - _postNewSessionCommand - New Session Created: 1c439b90-e8cd-11e4-bb3b-b37daea30544
[INFO  - 2015-04-22T09:05:39.614Z] GhostDriver - Main - running on port 58620
[INFO  - 2015-04-22T09:05:39.667Z] Session [bf32c500-e8ce-11e4-a10e-a5a8d3ca4499] - CONSTRUCTOR - Desired Capabilities: {"browserName":"phantomjs"}
[INFO  - 2015-04-22T09:05:39.667Z] Session [bf32c500-e8ce-11e4-a10e-a5a8d3ca4499] - CONSTRUCTOR - Negotiated Capabilities: {"browserName":"phantomjs","version":"1.9.0","driverName":"ghostdriver","driverVersion":"1.0.3","platform":"linux-unknown-64bit","javascriptEnabled":true,"takesScreenshot":true,"handlesAlerts":false,"databaseEnabled":false,"locationContextEnabled":false,"applicationCacheEnabled":false,"browserConnectionEnabled":false,"cssSelectorsEnabled":true,"webStorageEnabled":false,"rotatable":false,"acceptSslCerts":false,"nativeEvents":true,"proxy":{"proxyType":"direct"}}
[INFO  - 2015-04-22T09:05:39.667Z] SessionManagerReqHand - _postNewSessionCommand - New Session Created: bf32c500-e8ce-11e4-a10e-a5a8d3ca4499
[INFO  - 2015-04-22T09:10:31.922Z] GhostDriver - Main - running on port 47037
[INFO  - 2015-04-22T09:10:31.983Z] Session [6d6ea6c0-e8cf-11e4-aa5a-67bf0841d53d] - CONSTRUCTOR - Desired Capabilities: {"browserName":"phantomjs"}
[INFO  - 2015-04-22T09:10:31.983Z] Session [6d6ea6c0-e8cf-11e4-aa5a-67bf0841d53d] - CONSTRUCTOR - Negotiated Capabilities: {"browserName":"phantomjs","version":"1.9.0","driverName":"ghostdriver","driverVersion":"1.0.3","platform":"linux-unknown-64bit","javascriptEnabled":true,"takesScreenshot":true,"handlesAlerts":false,"databaseEnabled":false,"locationContextEnabled":false,"applicationCacheEnabled":false,"browserConnectionEnabled":false,"cssSelectorsEnabled":true,"webStorageEnabled":false,"rotatable":false,"acceptSslCerts":false,"nativeEvents":true,"proxy":{"proxyType":"direct"}}
[INFO  - 2015-04-22T09:10:31.983Z] SessionManagerReqHand - _postNewSessionCommand - New Session Created: 6d6ea6c0-e8cf-11e4-aa5a-67bf0841d53d
[INFO  - 2015-04-22T09:14:28.207Z] GhostDriver - Main - running on port 52441
[INFO  - 2015-04-22T09:14:28.216Z] GhostDriver - Main - running on port 52937
[INFO  - 2015-04-22T09:14:28.230Z] Session [fa3f3c40-e8cf-11e4-830f-9dc94adde0b7] - CONSTRUCTOR - Desired Capabilities: {"browserName":"phantomjs"}
[INFO  - 2015-04-22T09:14:28.230Z] Session [fa3f3c40-e8cf-11e4-830f-9dc94adde0b7] - CONSTRUCTOR - Negotiated Capabilities: {"browserName":"phantomjs","version":"1.9.0","driverName":"ghostdriver","driverVersion":"1.0.3","platform":"linux-unknown-64bit","javascriptEnabled":true,"takesScreenshot":true,"handlesAlerts":false,"databaseEnabled":false,"locationContextEnabled":false,"applicationCacheEnabled":false,"browserConnectionEnabled":false,"cssSelectorsEnabled":true,"webStorageEnabled":false,"rotatable":false,"acceptSslCerts":false,"nativeEvents":true,"proxy":{"proxyType":"direct"}}
[INFO  - 2015-04-22T09:14:28.230Z] SessionManagerReqHand - _postNewSessionCommand - New Session Created: fa3f3c40-e8cf-11e4-830f-9dc94adde0b7
[INFO  - 2015-04-22T09:14:28.241Z] Session [fa40e9f0-e8cf-11e4-be87-61f13b8a5dd6] - CONSTRUCTOR - Desired Capabilities: {"browserName":"phantomjs"}
[INFO  - 2015-04-22T09:14:28.241Z] Session [fa40e9f0-e8cf-11e4-be87-61f13b8a5dd6] - CONSTRUCTOR - Negotiated Capabilities: {"browserName":"phantomjs","version":"1.9.0","driverName":"ghostdriver","driverVersion":"1.0.3","platform":"linux-unknown-64bit","javascriptEnabled":true,"takesScreenshot":true,"handlesAlerts":false,"databaseEnabled":false,"locationContextEnabled":false,"applicationCacheEnabled":false,"browserConnectionEnabled":false,"cssSelectorsEnabled":true,"webStorageEnabled":false,"rotatable":false,"acceptSslCerts":false,"nativeEvents":true,"proxy":{"proxyType":"direct"}}
[INFO  - 2015-04-22T09:14:28.241Z] SessionManagerReqHand - _postNewSessionCommand - New Session Created: fa40e9f0-e8cf-11e4-be87-61f13b8a5dd6
[INFO  - 2015-04-22T09:14:49.362Z] GhostDriver - Main - running on port 59302
[INFO  - 2015-04-22T09:14:49.652Z] Session [0703d210-e8d0-11e4-ae76-5b6c4a13caa0] - CONSTRUCTOR - Desired Capabilities: {"browserName":"phantomjs"}
[INFO  - 2015-04-22T09:14:49.652Z] Session [0703d210-e8d0-11e4-ae76-5b6c4a13caa0] - CONSTRUCTOR - Negotiated Capabilities: {"browserName":"phantomjs","version":"1.9.0","driverName":"ghostdriver","driverVersion":"1.0.3","platform":"linux-unknown-64bit","javascriptEnabled":true,"takesScreenshot":true,"handlesAlerts":false,"databaseEnabled":false,"locationContextEnabled":false,"applicationCacheEnabled":false,"browserConnectionEnabled":false,"cssSelectorsEnabled":true,"webStorageEnabled":false,"rotatable":false,"acceptSslCerts":false,"nativeEvents":true,"proxy":{"proxyType":"direct"}}
[INFO  - 2015-04-22T09:14:49.652Z] SessionManagerReqHand - _postNewSessionCommand - New Session Created: 0703d210-e8d0-11e4-ae76-5b6c4a13caa0
[INFO  - 2015-04-22T09:15:43.198Z] GhostDriver - Main - running on port 46889
[INFO  - 2015-04-22T09:15:43.512Z] Session [271e3450-e8d0-11e4-a841-ff632ed0e4f2] - CONSTRUCTOR - Desired Capabilities: {"browserName":"phantomjs"}
[INFO  - 2015-04-22T09:15:43.512Z] Session [271e3450-e8d0-11e4-a841-ff632ed0e4f2] - CONSTRUCTOR - Negotiated Capabilities: {"browserName":"phantomjs","version":"1.9.0","driverName":"ghostdriver","driverVersion":"1.0.3","platform":"linux-unknown-64bit","javascriptEnabled":true,"takesScreenshot":true,"handlesAlerts":false,"databaseEnabled":false,"locationContextEnabled":false,"applicationCacheEnabled":false,"browserConnectionEnabled":false,"cssSelectorsEnabled":true,"webStorageEnabled":false,"rotatable":false,"acceptSslCerts":false,"nativeEvents":true,"proxy":{"proxyType":"direct"}}
[INFO  - 2015-04-22T09:15:43.512Z] SessionManagerReqHand - _postNewSessionCommand - New Session Created: 271e3450-e8d0-11e4-a841-ff632ed0e4f2
[INFO  - 2015-04-22T09:18:27.100Z] GhostDriver - Main - running on port 48656
[INFO  - 2015-04-22T09:18:27.328Z] Session [88c2b1e0-e8d0-11e4-918b-6939abfa92ef] - CONSTRUCTOR - Desired Capabilities: {"browserName":"phantomjs"}
[INFO  - 2015-04-22T09:18:27.328Z] Session [88c2b1e0-e8d0-11e4-918b-6939abfa92ef] - CONSTRUCTOR - Negotiated Capabilities: {"browserName":"phantomjs","version":"1.9.0","driverName":"ghostdriver","driverVersion":"1.0.3","platform":"linux-unknown-64bit","javascriptEnabled":true,"takesScreenshot":true,"handlesAlerts":false,"databaseEnabled":false,"locationContextEnabled":false,"applicationCacheEnabled":false,"browserConnectionEnabled":false,"cssSelectorsEnabled":true,"webStorageEnabled":false,"rotatable":false,"acceptSslCerts":false,"nativeEvents":true,"proxy":{"proxyType":"direct"}}
[INFO  - 2015-04-22T09:18:27.328Z] SessionManagerReqHand - _postNewSessionCommand - New Session Created: 88c2b1e0-e8d0-11e4-918b-6939abfa92ef
[INFO  - 2015-04-22T09:22:39.977Z] GhostDriver - Main - running on port 54124
[INFO  - 2015-04-22T09:22:40.209Z] Session [1f7d45f0-e8d1-11e4-951a-e91a66b12e73] - CONSTRUCTOR - Desired Capabilities: {"browserName":"phantomjs"}
[INFO  - 2015-04-22T09:22:40.209Z] Session [1f7d45f0-e8d1-11e4-951a-e91a66b12e73] - CONSTRUCTOR - Negotiated Capabilities: {"browserName":"phantomjs","version":"1.9.0","driverName":"ghostdriver","driverVersion":"1.0.3","platform":"linux-unknown-64bit","javascriptEnabled":true,"takesScreenshot":true,"handlesAlerts":false,"databaseEnabled":false,"locationContextEnabled":false,"applicationCacheEnabled":false,"browserConnectionEnabled":false,"cssSelectorsEnabled":true,"webStorageEnabled":false,"rotatable":false,"acceptSslCerts":false,"nativeEvents":true,"proxy":{"proxyType":"direct"}}
[INFO  - 2015-04-22T09:22:40.209Z] SessionManagerReqHand - _postNewSessionCommand - New Session Created: 1f7d45f0-e8d1-11e4-951a-e91a66b12e73
[INFO  - 2015-04-22T09:28:07.985Z] GhostDriver - Main - running on port 37652
[INFO  - 2015-04-22T09:28:08.258Z] Session [e3056cf0-e8d1-11e4-9d68-3780d9d35cf3] - CONSTRUCTOR - Desired Capabilities: {"browserName":"phantomjs"}
[INFO  - 2015-04-22T09:28:08.258Z] Session [e3056cf0-e8d1-11e4-9d68-3780d9d35cf3] - CONSTRUCTOR - Negotiated Capabilities: {"browserName":"phantomjs","version":"1.9.0","driverName":"ghostdriver","driverVersion":"1.0.3","platform":"linux-unknown-64bit","javascriptEnabled":true,"takesScreenshot":true,"handlesAlerts":false,"databaseEnabled":false,"locationContextEnabled":false,"applicationCacheEnabled":false,"browserConnectionEnabled":false,"cssSelectorsEnabled":true,"webStorageEnabled":false,"rotatable":false,"acceptSslCerts":false,"nativeEvents":true,"proxy":{"proxyType":"direct"}}
[INFO  - 2015-04-22T09:28:08.258Z] SessionManagerReqHand - _postNewSessionCommand - New Session Created: e3056cf0-e8d1-11e4-9d68-3780d9d35cf3
[INFO  - 2015-04-22T09:28:23.317Z] GhostDriver - Main - running on port 51988
[INFO  - 2015-04-22T09:28:23.564Z] Session [ec24ef90-e8d1-11e4-8a97-93ecbb2fb436] - CONSTRUCTOR - Desired Capabilities: {"browserName":"phantomjs"}
[INFO  - 2015-04-22T09:28:23.564Z] Session [ec24ef90-e8d1-11e4-8a97-93ecbb2fb436] - CONSTRUCTOR - Negotiated Capabilities: {"browserName":"phantomjs","version":"1.9.0","driverName":"ghostdriver","driverVersion":"1.0.3","platform":"linux-unknown-64bit","javascriptEnabled":true,"takesScreenshot":true,"handlesAlerts":false,"databaseEnabled":false,"locationContextEnabled":false,"applicationCacheEnabled":false,"browserConnectionEnabled":false,"cssSelectorsEnabled":true,"webStorageEnabled":false,"rotatable":false,"acceptSslCerts":false,"nativeEvents":true,"proxy":{"proxyType":"direct"}}
[INFO  - 2015-04-22T09:28:23.564Z] SessionManagerReqHand - _postNewSessionCommand - New Session Created: ec24ef90-e8d1-11e4-8a97-93ecbb2fb436
[INFO  - 2015-04-22T09:28:49.371Z] GhostDriver - Main - running on port 42769
[INFO  - 2015-04-22T09:28:49.628Z] Session [fbadfc90-e8d1-11e4-97bc-513ab0b9cc0d] - CONSTRUCTOR - Desired Capabilities: {"browserName":"phantomjs"}
[INFO  - 2015-04-22T09:28:49.628Z] Session [fbadfc90-e8d1-11e4-97bc-513ab0b9cc0d] - CONSTRUCTOR - Negotiated Capabilities: {"browserName":"phantomjs","version":"1.9.0","driverName":"ghostdriver","driverVersion":"1.0.3","platform":"linux-unknown-64bit","javascriptEnabled":true,"takesScreenshot":true,"handlesAlerts":false,"databaseEnabled":false,"locationContextEnabled":false,"applicationCacheEnabled":false,"browserConnectionEnabled":false,"cssSelectorsEnabled":true,"webStorageEnabled":false,"rotatable":false,"acceptSslCerts":false,"nativeEvents":true,"proxy":{"proxyType":"direct"}}
[INFO  - 2015-04-22T09:28:49.628Z] SessionManagerReqHand - _postNewSessionCommand - New Session Created: fbadfc90-e8d1-11e4-97bc-513ab0b9cc0d
[INFO  - 2015-04-22T09:29:41.588Z] GhostDriver - Main - running on port 52322
[INFO  - 2015-04-22T09:29:41.861Z] Session [1ad01c20-e8d2-11e4-8925-b90f812f2793] - CONSTRUCTOR - Desired Capabilities: {"browserName":"phantomjs"}
[INFO  - 2015-04-22T09:29:41.861Z] Session [1ad01c20-e8d2-11e4-8925-b90f812f2793] - CONSTRUCTOR - Negotiated Capabilities: {"browserName":"phantomjs","version":"1.9.0","driverName":"ghostdriver","driverVersion":"1.0.3","platform":"linux-unknown-64bit","javascriptEnabled":true,"takesScreenshot":true,"handlesAlerts":false,"databaseEnabled":false,"locationContextEnabled":false,"applicationCacheEnabled":false,"browserConnectionEnabled":false,"cssSelectorsEnabled":true,"webStorageEnabled":false,"rotatable":false,"acceptSslCerts":false,"nativeEvents":true,"proxy":{"proxyType":"direct"}}
[INFO  - 2015-04-22T09:29:41.861Z] SessionManagerReqHand - _postNewSessionCommand - New Session Created: 1ad01c20-e8d2-11e4-8925-b90f812f2793
[INFO  - 2015-04-22T09:30:20.096Z] GhostDriver - Main - running on port 36174
[INFO  - 2015-04-22T09:30:20.409Z] Session [31ca1160-e8d2-11e4-a369-4babf9c54bdb] - CONSTRUCTOR - Desired Capabilities: {"browserName":"phantomjs"}
[INFO  - 2015-04-22T09:30:20.409Z] Session [31ca1160-e8d2-11e4-a369-4babf9c54bdb] - CONSTRUCTOR - Negotiated Capabilities: {"browserName":"phantomjs","version":"1.9.0","driverName":"ghostdriver","driverVersion":"1.0.3","platform":"linux-unknown-64bit","javascriptEnabled":true,"takesScreenshot":true,"handlesAlerts":false,"databaseEnabled":false,"locationContextEnabled":false,"applicationCacheEnabled":false,"browserConnectionEnabled":false,"cssSelectorsEnabled":true,"webStorageEnabled":false,"rotatable":false,"acceptSslCerts":false,"nativeEvents":true,"proxy":{"proxyType":"direct"}}
[INFO  - 2015-04-22T09:30:20.409Z] SessionManagerReqHand - _postNewSessionCommand - New Session Created: 31ca1160-e8d2-11e4-a369-4babf9c54bdb
[INFO  - 2015-04-22T09:30:47.291Z] GhostDriver - Main - running on port 52780
[INFO  - 2015-04-22T09:30:47.538Z] Session [41f59ff0-e8d2-11e4-930c-35522eff87f8] - CONSTRUCTOR - Desired Capabilities: {"browserName":"phantomjs"}
[INFO  - 2015-04-22T09:30:47.538Z] Session [41f59ff0-e8d2-11e4-930c-35522eff87f8] - CONSTRUCTOR - Negotiated Capabilities: {"browserName":"phantomjs","version":"1.9.0","driverName":"ghostdriver","driverVersion":"1.0.3","platform":"linux-unknown-64bit","javascriptEnabled":true,"takesScreenshot":true,"handlesAlerts":false,"databaseEnabled":false,"locationContextEnabled":false,"applicationCacheEnabled":false,"browserConnectionEnabled":false,"cssSelectorsEnabled":true,"webStorageEnabled":false,"rotatable":false,"acceptSslCerts":false,"nativeEvents":true,"proxy":{"proxyType":"direct"}}
[INFO  - 2015-04-22T09:30:47.538Z] SessionManagerReqHand - _postNewSessionCommand - New Session Created: 41f59ff0-e8d2-11e4-930c-35522eff87f8
[INFO  - 2015-04-22T09:31:25.261Z] GhostDriver - Main - running on port 42930
[INFO  - 2015-04-22T09:31:25.559Z] Session [589f2b40-e8d2-11e4-a38e-29724ffbbbb9] - CONSTRUCTOR - Desired Capabilities: {"browserName":"phantomjs"}
[INFO  - 2015-04-22T09:31:25.559Z] Session [589f2b40-e8d2-11e4-a38e-29724ffbbbb9] - CONSTRUCTOR - Negotiated Capabilities: {"browserName":"phantomjs","version":"1.9.0","driverName":"ghostdriver","driverVersion":"1.0.3","platform":"linux-unknown-64bit","javascriptEnabled":true,"takesScreenshot":true,"handlesAlerts":false,"databaseEnabled":false,"locationContextEnabled":false,"applicationCacheEnabled":false,"browserConnectionEnabled":false,"cssSelectorsEnabled":true,"webStorageEnabled":false,"rotatable":false,"acceptSslCerts":false,"nativeEvents":true,"proxy":{"proxyType":"direct"}}
[INFO  - 2015-04-22T09:31:25.559Z] SessionManagerReqHand - _postNewSessionCommand - New Session Created: 589f2b40-e8d2-11e4-a38e-29724ffbbbb9
